<?xml version="1.0" encoding="UTF-8"?>
<testng-results ignored="0" total="1" passed="0" failed="1" skipped="0">
  <reporter-output>
  </reporter-output>
  <suite started-at="2025-11-26T03:45:46 IST" name="Default suite" finished-at="2025-11-26T03:45:53 IST" duration-ms="7136">
    <groups>
    </groups>
    <test started-at="2025-11-26T03:45:46 IST" name="Default test" finished-at="2025-11-26T03:45:53 IST" duration-ms="7136">
      <class name="karthikproject.createcampaigntest">
        <test-method is-config="true" signature="beforeSuite()[pri:0, instance:karthikproject.createcampaigntest@5f16132a]" started-at="2025-11-26T03:45:46 IST" name="beforeSuite" finished-at="2025-11-26T03:45:46 IST" duration-ms="10" status="PASS">
          <reporter-output>
          </reporter-output>
        </test-method> <!-- beforeSuite -->
        <test-method is-config="true" signature="beforeTest()[pri:0, instance:karthikproject.createcampaigntest@5f16132a]" started-at="2025-11-26T03:45:46 IST" name="beforeTest" finished-at="2025-11-26T03:45:46 IST" duration-ms="1" status="PASS">
          <reporter-output>
          </reporter-output>
        </test-method> <!-- beforeTest -->
        <test-method is-config="true" signature="beforeClass()[pri:0, instance:karthikproject.createcampaigntest@5f16132a]" started-at="2025-11-26T03:45:46 IST" name="beforeClass" finished-at="2025-11-26T03:45:47 IST" duration-ms="1326" status="PASS">
          <reporter-output>
          </reporter-output>
        </test-method> <!-- beforeClass -->
        <test-method is-config="true" signature="beforeMethod()[pri:0, instance:karthikproject.createcampaigntest@5f16132a]" started-at="2025-11-26T03:45:47 IST" name="beforeMethod" finished-at="2025-11-26T03:45:48 IST" duration-ms="1499" status="PASS">
          <reporter-output>
          </reporter-output>
        </test-method> <!-- beforeMethod -->
        <test-method signature="Createcampgin()[pri:0, instance:karthikproject.createcampaigntest@5f16132a]" started-at="2025-11-26T03:45:48 IST" name="Createcampgin" finished-at="2025-11-26T03:45:51 IST" duration-ms="2583" status="FAIL">
          <exception class="java.lang.AssertionError">
            <message>
              <![CDATA[expected [failure] but found [Campaign is Not Added
✖︎]]]>
            </message>
            <full-stacktrace>
              <![CDATA[java.lang.AssertionError: expected [failure] but found [Campaign is Not Added
✖︎]
at org.testng.Assert.fail(Assert.java:111)
at org.testng.Assert.failNotEquals(Assert.java:1590)
at org.testng.Assert.assertEqualsImpl(Assert.java:150)
at org.testng.Assert.assertEquals(Assert.java:132)
at org.testng.Assert.assertEquals(Assert.java:656)
at org.testng.Assert.assertEquals(Assert.java:666)
at karthikproject.createcampaigntest.Createcampgin(createcampaigntest.java:70)
at java.base/jdk.internal.reflect.DirectMethodHandleAccessor.invoke(DirectMethodHandleAccessor.java:103)
at java.base/java.lang.reflect.Method.invoke(Method.java:580)
at org.testng.internal.invokers.MethodInvocationHelper.invokeMethod(MethodInvocationHelper.java:141)
at org.testng.internal.invokers.TestInvoker.invokeMethod(TestInvoker.java:687)
at org.testng.internal.invokers.TestInvoker.invokeTestMethod(TestInvoker.java:230)
at org.testng.internal.invokers.MethodRunner.runInSequence(MethodRunner.java:63)
at org.testng.internal.invokers.TestInvoker$MethodInvocationAgent.invoke(TestInvoker.java:995)
at org.testng.internal.invokers.TestInvoker.invokeTestMethods(TestInvoker.java:203)
at org.testng.internal.invokers.TestMethodWorker.invokeTestMethods(TestMethodWorker.java:154)
at org.testng.internal.invokers.TestMethodWorker.run(TestMethodWorker.java:134)
at java.base/java.util.ArrayList.forEach(ArrayList.java:1596)
at org.testng.TestRunner.privateRun(TestRunner.java:741)
at org.testng.TestRunner.run(TestRunner.java:616)
at org.testng.SuiteRunner.runTest(SuiteRunner.java:421)
at org.testng.SuiteRunner.runSequentially(SuiteRunner.java:413)
at org.testng.SuiteRunner.privateRun(SuiteRunner.java:373)
at org.testng.SuiteRunner.run(SuiteRunner.java:312)
at org.testng.SuiteRunnerWorker.runSuite(SuiteRunnerWorker.java:52)
at org.testng.SuiteRunnerWorker.run(SuiteRunnerWorker.java:95)
at org.testng.TestNG.runSuitesSequentially(TestNG.java:1274)
at org.testng.TestNG.runSuitesLocally(TestNG.java:1208)
at org.testng.TestNG.runSuites(TestNG.java:1112)
at org.testng.TestNG.run(TestNG.java:1079)
at org.testng.remote.AbstractRemoteTestNG.run(AbstractRemoteTestNG.java:115)
at org.testng.remote.RemoteTestNG.initAndRun(RemoteTestNG.java:293)
at org.testng.remote.RemoteTestNG.main(RemoteTestNG.java:91)
]]>
            </full-stacktrace>
          </exception> <!-- java.lang.AssertionError -->
          <reporter-output>
          </reporter-output>
        </test-method> <!-- Createcampgin -->
        <test-method is-config="true" signature="afterMethod()[pri:0, instance:karthikproject.createcampaigntest@5f16132a]" started-at="2025-11-26T03:45:51 IST" name="afterMethod" finished-at="2025-11-26T03:45:52 IST" duration-ms="1075" status="PASS">
          <reporter-output>
          </reporter-output>
        </test-method> <!-- afterMethod -->
        <test-method is-config="true" signature="afterClass()[pri:0, instance:karthikproject.createcampaigntest@5f16132a]" started-at="2025-11-26T03:45:52 IST" name="afterClass" finished-at="2025-11-26T03:45:53 IST" duration-ms="369" status="PASS">
          <reporter-output>
          </reporter-output>
        </test-method> <!-- afterClass -->
        <test-method is-config="true" signature="aftertest()[pri:0, instance:karthikproject.createcampaigntest@5f16132a]" started-at="2025-11-26T03:45:53 IST" name="aftertest" finished-at="2025-11-26T03:45:53 IST" duration-ms="0" status="PASS">
          <reporter-output>
          </reporter-output>
        </test-method> <!-- aftertest -->
        <test-method is-config="true" signature="afterSuite()[pri:0, instance:karthikproject.createcampaigntest@5f16132a]" started-at="2025-11-26T03:45:53 IST" name="afterSuite" finished-at="2025-11-26T03:45:53 IST" duration-ms="2" status="PASS">
          <reporter-output>
          </reporter-output>
        </test-method> <!-- afterSuite -->
      </class> <!-- karthikproject.createcampaigntest -->
    </test> <!-- Default test -->
  </suite> <!-- Default suite -->
</testng-results>
